
#Sun Sep 22 22:19:33 2019
 0 1 2 3 4 5 6 7 8
 - - - - - - - - -
|9| |2| | |4| |6| | 0
 - - - - - - - - -
| | | |2|5| |1| | | 1
 - - - - - - - - -
|8|6| |9|3|1| |2| | 2
 - - - - - - - - -
| | |3|1| |8| |4| | 3
 - - - - - - - - -
| | | | |9| | | | | 4
 - - - - - - - - -
| |5| |4| |3|9| | | 5
 - - - - - - - - -
| |7| |3|4|9| |5|8| 6
 - - - - - - - - -
| | |4| |2|7| | | | 7
 - - - - - - - - -
| |2| |8| | |6| |4| 8
 - - - - - - - - -

#Sun Sep 22 22:19:34 2019
 0 1 2 3 4 5 6 7 8
 - - - - - - - - -
| | |9| | |4| | |5| 0
 - - - - - - - - -
| | | | |7|3| | | | 1
 - - - - - - - - -
|3| |4|5| |1|7|2|8| 2
 - - - - - - - - -
| | | |3|2| | | |1| 3
 - - - - - - - - -
|2| |5|4| |9|3| |6| 4
 - - - - - - - - -
|7| | | |5|8| | | | 5
 - - - - - - - - -
|4|9|7|1| |6|2| |3| 6
 - - - - - - - - -
| | | |7|4| | | | | 7
 - - - - - - - - -
|5| | |9| | |4| | | 8
 - - - - - - - - -

#Sun Sep 22 22:38:41 2019
 0 1 2 3 4 5 6 7 8
 - - - - - - - - -
|4|2|9| |1|7|8| | | 0
 - - - - - - - - -
| | |5| |3| | | | | 1
 - - - - - - - - -
|8|6| | | |2|1| | | 2
 - - - - - - - - -
|7| | |1|2| | | |8| 3
 - - - - - - - - -
| | | |7| |4| | | | 4
 - - - - - - - - -
|6| | | |8|9| | |2| 5
 - - - - - - - - -
| | |7|9| | | |2|5| 6
 - - - - - - - - -
| | | | |7| |9| | | 7
 - - - - - - - - -
| | |2|8|5| |7|4|3| 8
 - - - - - - - - -

#Sun Sep 22 22:38:43 2019
 0 1 2 3 4 5 6 7 8
 - - - - - - - - -
| |9| | |8|3| |4| | 0
 - - - - - - - - -
| |4| |2|7| | | |1| 1
 - - - - - - - - -
|1| |2|9| | |6| |3| 2
 - - - - - - - - -
|8| |5| | | | | | | 3
 - - - - - - - - -
| | |7| | | |4| | | 4
 - - - - - - - - -
| | | | | | |1| |8| 5
 - - - - - - - - -
|2| |3| | |4|9| |7| 6
 - - - - - - - - -
|9| | | |3|8| |1| | 7
 - - - - - - - - -
| |5| |6|9| | |3| | 8
 - - - - - - - - -
