
#Sun Sep 22 22:19:33 2019
 0 1 2 3 4 5 6 7 8
 - - - - - - - - -
| | | | |5| |4| | | 0
 - - - - - - - - -
|1| | |3| |6| | | | 1
 - - - - - - - - -
| | |8| |4| | |6|2| 2
 - - - - - - - - -
|5|8| | | | | | | | 3
 - - - - - - - - -
|4| |9| | | |2| |1| 4
 - - - - - - - - -
| | | | | | | |9|3| 5
 - - - - - - - - -
|8|2| | |1| |9| | | 6
 - - - - - - - - -
| | | |9| |4| | |7| 7
 - - - - - - - - -
| | |4| |8| | | | | 8
 - - - - - - - - -

#Sun Sep 22 22:21:48 2019
 0 1 2 3 4 5 6 7 8
 - - - - - - - - -
| |5|9| | | | | |4| 0
 - - - - - - - - -
| |8| |1| |9| | |2| 1
 - - - - - - - - -
| | | | |6| | | | | 2
 - - - - - - - - -
| |3| |2| |6|4| |7| 3
 - - - - - - - - -
| | | | | | | | | | 4
 - - - - - - - - -
|1| |7|3| |5| |8| | 5
 - - - - - - - - -
| | | | |5| | | | | 6
 - - - - - - - - -
|9| | |7| |1| |4| | 7
 - - - - - - - - -
|6| | | | | |5|2| | 8
 - - - - - - - - -

#Sun Sep 22 22:38:43 2019
 0 1 2 3 4 5 6 7 8
 - - - - - - - - -
|4| | |2|3| |1| | | 0
 - - - - - - - - -
| |9| | | | | | |6| 1
 - - - - - - - - -
| | | | |8| |7| | | 2
 - - - - - - - - -
|5| | |8| | | |6| | 3
 - - - - - - - - -
| |2| | |9| | |4| | 4
 - - - - - - - - -
| |6| | | |1| | |8| 5
 - - - - - - - - -
| | |9| |4| | | | | 6
 - - - - - - - - -
|3| | | | | | |1| | 7
 - - - - - - - - -
| | |8| |7|5| | |9| 8
 - - - - - - - - -

#Sun Sep 22 22:38:43 2019
 0 1 2 3 4 5 6 7 8
 - - - - - - - - -
| | | |4| |6|2|7| | 0
 - - - - - - - - -
| | | | | |9| | | | 1
 - - - - - - - - -
|5|3| | |8| | | | | 2
 - - - - - - - - -
| | |8| | |7| | |4| 3
 - - - - - - - - -
| |2| | | | | |1| | 4
 - - - - - - - - -
|6| | |3| | |9| | | 5
 - - - - - - - - -
| | | | |6| | |9|8| 6
 - - - - - - - - -
| | | |9| | | | | | 7
 - - - - - - - - -
| |4|7|2| |8| | | | 8
 - - - - - - - - -
