
#Sun Sep 22 22:19:33 2019
 0 1 2 3 4 5 6 7 8
 - - - - - - - - -
|6| | |4|7| | | |3| 0
 - - - - - - - - -
| |5| | | |9| |1| | 1
 - - - - - - - - -
| | |9| |5|3| | | | 2
 - - - - - - - - -
|7|6| | | | | |4| | 3
 - - - - - - - - -
| | | | |8| | | | | 4
 - - - - - - - - -
| |8| | | | | |2|5| 5
 - - - - - - - - -
| | | |5|6| |9| | | 6
 - - - - - - - - -
| |9| |1| | | |5| | 7
 - - - - - - - - -
|2| | | |3|7| | |1| 8
 - - - - - - - - -

#Sun Sep 22 22:19:34 2019
 0 1 2 3 4 5 6 7 8
 - - - - - - - - -
| |3|5|2|7|9| | | | 0
 - - - - - - - - -
|9| | | | | |6| | | 1
 - - - - - - - - -
| |7| | | | | | |3| 2
 - - - - - - - - -
|1| | |7| | | |6| | 3
 - - - - - - - - -
|3| | | |1| | | |9| 4
 - - - - - - - - -
| |6| | | |4| | |7| 5
 - - - - - - - - -
|4| | | | | | |2| | 6
 - - - - - - - - -
| | |3| | | | | |8| 7
 - - - - - - - - -
| | | |9|3|8|4|1| | 8
 - - - - - - - - -

#Sun Sep 22 22:38:42 2019
 0 1 2 3 4 5 6 7 8
 - - - - - - - - -
| | | | | |8| |9|6| 0
 - - - - - - - - -
|7| |9|3| |6| | | | 1
 - - - - - - - - -
| |8| | | | |2| | | 2
 - - - - - - - - -
| | |1|6| | | |5| | 3
 - - - - - - - - -
|8| | | | | | | |7| 4
 - - - - - - - - -
| |6| | | |1|4| | | 5
 - - - - - - - - -
| | |3| | | | |2| | 6
 - - - - - - - - -
| | | |9| |4|8| |1| 7
 - - - - - - - - -
|5|4| |2| | | | | | 8
 - - - - - - - - -

#Sun Sep 22 22:38:43 2019
 0 1 2 3 4 5 6 7 8
 - - - - - - - - -
| | | | |2| | | | | 0
 - - - - - - - - -
| |2|7| | | |6|8|9| 1
 - - - - - - - - -
| | |9| | | | |3| | 2
 - - - - - - - - -
| | | | |3|1|8| | | 3
 - - - - - - - - -
|5| |4|6| |8|1| |7| 4
 - - - - - - - - -
| | |8|4|7| | | | | 5
 - - - - - - - - -
| |9| | | | |7| | | 6
 - - - - - - - - -
|1|6|2| | | |9|5| | 7
 - - - - - - - - -
| | | | |8| | | | | 8
 - - - - - - - - -
