
#Sun Sep 22 22:19:33 2019
 0 1 2 3 4 5 6 7 8
 - - - - - - - - -
|4| | | |1| | |8| | 0
 - - - - - - - - -
| | |6|8| |9|3| |4| 1
 - - - - - - - - -
|8|2| | | | | | |5| 2
 - - - - - - - - -
| |1| |2| | | |6| | 3
 - - - - - - - - -
| | | | |6| | | | | 4
 - - - - - - - - -
| |9| | | |7| |3| | 5
 - - - - - - - - -
|9| | | | | | |4|3| 6
 - - - - - - - - -
|7| |4|9| |8|2| | | 7
 - - - - - - - - -
| |3| | |4| | | |8| 8
 - - - - - - - - -

#Sun Sep 22 22:19:34 2019
 0 1 2 3 4 5 6 7 8
 - - - - - - - - -
| |4| | |7|6| | |2| 0
 - - - - - - - - -
| | | | | | |7| | | 1
 - - - - - - - - -
| | |1| |3|2| | | | 2
 - - - - - - - - -
|9| |7| | |1| |6|3| 3
 - - - - - - - - -
|4| | | |8| | | |1| 4
 - - - - - - - - -
|3|1| |9| | |8| |4| 5
 - - - - - - - - -
| | | |2|1| |6| | | 6
 - - - - - - - - -
| | |2| | | | | | | 7
 - - - - - - - - -
|1| | |3|4| | |2| | 8
 - - - - - - - - -

#Sun Sep 22 22:38:41 2019
 0 1 2 3 4 5 6 7 8
 - - - - - - - - -
| |9|5| | | | | | | 0
 - - - - - - - - -
| | |3|9| |8| |2| | 1
 - - - - - - - - -
| | | | |1| |6| |4| 2
 - - - - - - - - -
|7| | | |9|2| | | | 3
 - - - - - - - - -
|2| |9|6|3|7|4| |5| 4
 - - - - - - - - -
| | | |4|8| | | |2| 5
 - - - - - - - - -
|9| |2| |5| | | | | 6
 - - - - - - - - -
| |4| |3| |9|8| | | 7
 - - - - - - - - -
| | | | | | |2|5| | 8
 - - - - - - - - -

#Sun Sep 22 22:38:42 2019
 0 1 2 3 4 5 6 7 8
 - - - - - - - - -
|8| | |6| | | | | | 0
 - - - - - - - - -
|6| | | |1| | |2|4| 1
 - - - - - - - - -
| |2| | |9|4|8|5| | 2
 - - - - - - - - -
| | | | | | | |7| | 3
 - - - - - - - - -
|7| | |4|8|9| | |3| 4
 - - - - - - - - -
| |5| | | | | | | | 5
 - - - - - - - - -
| |6|1|2|4| | |9| | 6
 - - - - - - - - -
|4|3| | |6| | | |1| 7
 - - - - - - - - -
| | | | | |7| | |5| 8
 - - - - - - - - -
